[debug] [2026-02-25T03:36:42.188Z] ----------------------------------------------------------------------
[debug] [2026-02-25T03:36:42.190Z] Command:       C:\nvm4w\nodejs\node.exe C:\nvm4w\nodejs\node_modules\firebase-tools\lib\bin\firebase.js init
[debug] [2026-02-25T03:36:42.191Z] CLI Version:   15.5.1
[debug] [2026-02-25T03:36:42.191Z] Platform:      win32
[debug] [2026-02-25T03:36:42.191Z] Node Version:  v24.13.0
[debug] [2026-02-25T03:36:42.191Z] Time:          Tue Feb 24 2026 20:36:42 GMT-0700 (Mountain Standard Time)
[debug] [2026-02-25T03:36:42.191Z] ----------------------------------------------------------------------
[debug] 
[info] 
     ######## #### ########  ######## ########     ###     ######  ########
     ##        ##  ##     ## ##       ##     ##  ##   ##  ##       ##
     ######    ##  ########  ######   ########  #########  ######  ######
     ##        ##  ##    ##  ##       ##     ## ##     ##       ## ##
     ##       #### ##     ## ######## ########  ##     ##  ######  ########

You're about to initialize a Firebase project in this directory:

  C:\Users\user\Documents\GitHub\firebase-grades

[info] 
=== Project Setup
[info] 
[info] First, let's associate this project directory with a Firebase project.
[info] You can create multiple project aliases by running firebase use --add, 
[info] 
[debug] [2026-02-25T03:36:51.297Z] > command requires scopes: ["email","openid","https://www.googleapis.com/auth/cloudplatformprojects.readonly","https://www.googleapis.com/auth/firebase","https://www.googleapis.com/auth/cloud-platform"]
[debug] [2026-02-25T03:36:51.297Z] > authorizing via signed-in user (smi23081@byui.edu)
[debug] [2026-02-25T03:36:51.298Z] Checked if tokens are valid: true, expires at: 1771991570278
[debug] [2026-02-25T03:36:51.298Z] Checked if tokens are valid: true, expires at: 1771991570278
[debug] [2026-02-25T03:36:51.299Z] >>> [apiv2][query] GET https://firebase.googleapis.com/v1beta1/projects/nigelsmith-pf [none]
[debug] [2026-02-25T03:36:51.641Z] <<< [apiv2][status] GET https://firebase.googleapis.com/v1beta1/projects/nigelsmith-pf 200
[debug] [2026-02-25T03:36:51.641Z] <<< [apiv2][body] GET https://firebase.googleapis.com/v1beta1/projects/nigelsmith-pf {"projectId":"nigelsmith-pf","projectNumber":"295693821864","displayName":"nigelsmith","name":"projects/nigelsmith-pf","resources":{"hostingSite":"nigelsmith-pf"},"state":"ACTIVE","etag":"1_c9e17190-e579-4c46-b90e-69c4470bb80c"}
[info] i  Using project nigelsmith-pf (nigelsmith) . 
[info] 
=== Firestore Setup
[info] i  firestore: ensuring required API firestore.googleapis.com is enabled... 
[debug] [2026-02-25T03:36:51.648Z] Checked if tokens are valid: true, expires at: 1771991570278
[debug] [2026-02-25T03:36:51.648Z] Checked if tokens are valid: true, expires at: 1771991570278
[debug] [2026-02-25T03:36:51.648Z] >>> [apiv2][query] GET https://firestore.googleapis.com/v1/projects/nigelsmith-pf/databases [none]
[debug] [2026-02-25T03:36:52.117Z] <<< [apiv2][status] GET https://firestore.googleapis.com/v1/projects/nigelsmith-pf/databases 200
[debug] [2026-02-25T03:36:52.117Z] <<< [apiv2][body] GET https://firestore.googleapis.com/v1/projects/nigelsmith-pf/databases {"databases":[{"name":"projects/nigelsmith-pf/databases/(default)","uid":"3fc598c0-e3d8-4066-8b23-e00ae138c22d","createTime":"2026-02-03T20:20:01.654141Z","updateTime":"2026-02-03T20:20:01.654141Z","locationId":"nam5","type":"FIRESTORE_NATIVE","concurrencyMode":"PESSIMISTIC","versionRetentionPeriod":"3600s","earliestVersionTime":"2026-02-25T02:36:49.247751Z","appEngineIntegrationMode":"DISABLED","keyPrefix":"s","pointInTimeRecoveryEnablement":"POINT_IN_TIME_RECOVERY_DISABLED","deleteProtectionState":"DELETE_PROTECTION_DISABLED","databaseEdition":"STANDARD","freeTier":true,"realtimeUpdatesMode":"REALTIME_UPDATES_MODE_ENABLED","etag":"INHbsbbb85IDMKC3m4Gw5pID"}]}
[info] 
[info] Firestore Security Rules allow you to define how and when to allow
[info] requests. You can keep these rules in your project directory
[info] and publish them with firebase deploy.
[info] 
[debug] [2026-02-25T03:36:53.077Z] Checked if tokens are valid: true, expires at: 1771991570278
[debug] [2026-02-25T03:36:53.077Z] Checked if tokens are valid: true, expires at: 1771991570278
[debug] [2026-02-25T03:36:53.077Z] >>> [apiv2][query] GET https://firebaserules.googleapis.com/v1/projects/nigelsmith-pf/releases pageSize=10&pageToken=
[debug] [2026-02-25T03:36:53.367Z] <<< [apiv2][status] GET https://firebaserules.googleapis.com/v1/projects/nigelsmith-pf/releases 200
[debug] [2026-02-25T03:36:53.367Z] <<< [apiv2][body] GET https://firebaserules.googleapis.com/v1/projects/nigelsmith-pf/releases {"releases":[{"name":"projects/nigelsmith-pf/releases/cloud.firestore","rulesetName":"projects/nigelsmith-pf/rulesets/be3b3861-1124-4ecb-9943-927dfe53f971","createTime":"2026-02-03T20:20:06.589516Z","updateTime":"2026-02-12T19:13:24.949413Z"}]}
[debug] [2026-02-25T03:36:53.368Z] Checked if tokens are valid: true, expires at: 1771991570278
[debug] [2026-02-25T03:36:53.368Z] Checked if tokens are valid: true, expires at: 1771991570278
[debug] [2026-02-25T03:36:53.368Z] >>> [apiv2][query] GET https://firebaserules.googleapis.com/v1/projects/nigelsmith-pf/rulesets/be3b3861-1124-4ecb-9943-927dfe53f971 [none]
[debug] [2026-02-25T03:36:53.707Z] <<< [apiv2][status] GET https://firebaserules.googleapis.com/v1/projects/nigelsmith-pf/rulesets/be3b3861-1124-4ecb-9943-927dfe53f971 200
[debug] [2026-02-25T03:36:53.707Z] <<< [apiv2][body] GET https://firebaserules.googleapis.com/v1/projects/nigelsmith-pf/rulesets/be3b3861-1124-4ecb-9943-927dfe53f971 [omitted]
[info] i  Downloaded the existing Firestore Security Rules from the Firebase console 
[info] i  firestore.rules is unchanged 
[info] 
[info] Firestore indexes allow you to perform complex queries while
[info] maintaining performance that scales with the size of the result
[info] set. You can keep index definitions in your project directory
[info] and publish them with firebase deploy.
[info] 
[debug] [2026-02-25T03:36:54.517Z] Checked if tokens are valid: true, expires at: 1771991570278
[debug] [2026-02-25T03:36:54.517Z] Checked if tokens are valid: true, expires at: 1771991570278
[debug] [2026-02-25T03:36:54.517Z] Checked if tokens are valid: true, expires at: 1771991570278
[debug] [2026-02-25T03:36:54.517Z] Checked if tokens are valid: true, expires at: 1771991570278
[debug] [2026-02-25T03:36:54.517Z] >>> [apiv2][query] GET https://firestore.googleapis.com/v1/projects/nigelsmith-pf/databases/(default)/collectionGroups/-/indexes [none]
[debug] [2026-02-25T03:36:54.517Z] >>> [apiv2][query] GET https://firestore.googleapis.com/v1/projects/nigelsmith-pf/databases/(default)/collectionGroups/-/fields?filter=indexConfig.usesAncestorConfig=false OR ttlConfig:* [none]
[debug] [2026-02-25T03:36:54.897Z] <<< [apiv2][status] GET https://firestore.googleapis.com/v1/projects/nigelsmith-pf/databases/(default)/collectionGroups/-/indexes 200
[debug] [2026-02-25T03:36:54.898Z] <<< [apiv2][body] GET https://firestore.googleapis.com/v1/projects/nigelsmith-pf/databases/(default)/collectionGroups/-/indexes {}
[debug] [2026-02-25T03:36:54.999Z] <<< [apiv2][status] GET https://firestore.googleapis.com/v1/projects/nigelsmith-pf/databases/(default)/collectionGroups/-/fields?filter=indexConfig.usesAncestorConfig=false OR ttlConfig:* 200
[debug] [2026-02-25T03:36:55.000Z] <<< [apiv2][body] GET https://firestore.googleapis.com/v1/projects/nigelsmith-pf/databases/(default)/collectionGroups/-/fields?filter=indexConfig.usesAncestorConfig=false OR ttlConfig:* {"fields":[{"name":"projects/nigelsmith-pf/databases/(default)/collectionGroups/__default__/fields/*","indexConfig":{"indexes":[{"queryScope":"COLLECTION","fields":[{"fieldPath":"*","order":"ASCENDING"}],"state":"READY"},{"queryScope":"COLLECTION","fields":[{"fieldPath":"*","order":"DESCENDING"}],"state":"READY"},{"queryScope":"COLLECTION","fields":[{"fieldPath":"*","arrayConfig":"CONTAINS"}],"state":"READY"}]}}]}
[info] i  Downloaded the existing Firestore indexes from the Firebase console 
[info] i  firestore.indexes.json is unchanged 
[info] 
=== Hosting Setup
[debug] [2026-02-25T03:36:55.003Z] Checked if tokens are valid: true, expires at: 1771991570278
[debug] [2026-02-25T03:36:55.003Z] Checked if tokens are valid: true, expires at: 1771991570278
[debug] [2026-02-25T03:36:55.003Z] >>> [apiv2][query] GET https://firebase.googleapis.com/v1beta1/projects/nigelsmith-pf [none]
[debug] [2026-02-25T03:36:55.249Z] <<< [apiv2][status] GET https://firebase.googleapis.com/v1beta1/projects/nigelsmith-pf 200
[debug] [2026-02-25T03:36:55.249Z] <<< [apiv2][body] GET https://firebase.googleapis.com/v1beta1/projects/nigelsmith-pf {"projectId":"nigelsmith-pf","projectNumber":"295693821864","displayName":"nigelsmith","name":"projects/nigelsmith-pf","resources":{"hostingSite":"nigelsmith-pf"},"state":"ACTIVE","etag":"1_c9e17190-e579-4c46-b90e-69c4470bb80c"}
[info] 
[info] Your public directory is the folder (relative to your project directory) that
[info] will contain Hosting assets to be uploaded with firebase deploy. If you
[info] have a build process for your assets, use your build's output directory.
[info] 
[info] 
[info] i  Didn't detect a .git folder. Assuming C:\Users\user\Documents\GitHub\firebase-grades is the project root. 
[info] i  Authorizing with GitHub to upload your service account to a GitHub repository's secrets store. 
[info] 
[info] Visit this URL on this device to log in:
[info] https://github.com/login/oauth/authorize?client_id=89cf50f02ac6aaed3484&state=674125034&redirect_uri=http%3A%2F%2Flocalhost%3A9005&scope=read%3Auser%20repo%20public_repo
[info] 
[info] Waiting for authentication...
[debug] [2026-02-25T03:37:19.247Z] >>> [apiv2][query] POST https://github.com/login/oauth/access_token [none]
[debug] [2026-02-25T03:37:19.247Z] >>> [apiv2][body] POST https://github.com/login/oauth/access_token [stream]
[debug] [2026-02-25T03:37:19.653Z] <<< [apiv2][status] POST https://github.com/login/oauth/access_token 200
[debug] [2026-02-25T03:37:19.653Z] <<< [apiv2][body] POST https://github.com/login/oauth/access_token {"access_token":"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","token_type":"bearer","scope":"read:user,repo"}
[debug] [2026-02-25T03:37:19.655Z] >>> [apiv2][query] GET https://api.github.com/user [none]
[debug] [2026-02-25T03:37:20.106Z] <<< [apiv2][status] GET https://api.github.com/user 200
[debug] [2026-02-25T03:37:20.106Z] <<< [apiv2][body] GET https://api.github.com/user {"login":"MyNameIs-Nigel","id":38890734,"node_id":"MDQ6VXNlcjM4ODkwNzM0","avatar_url":"https://avatars.githubusercontent.com/u/38890734?v=4","gravatar_id":"","url":"https://api.github.com/users/MyNameIs-Nigel","html_url":"https://github.com/MyNameIs-Nigel","followers_url":"https://api.github.com/users/MyNameIs-Nigel/followers","following_url":"https://api.github.com/users/MyNameIs-Nigel/following{/other_user}","gists_url":"https://api.github.com/users/MyNameIs-Nigel/gists{/gist_id}","starred_url":"https://api.github.com/users/MyNameIs-Nigel/starred{/owner}{/repo}","subscriptions_url":"https://api.github.com/users/MyNameIs-Nigel/subscriptions","organizations_url":"https://api.github.com/users/MyNameIs-Nigel/orgs","repos_url":"https://api.github.com/users/MyNameIs-Nigel/repos","events_url":"https://api.github.com/users/MyNameIs-Nigel/events{/privacy}","received_events_url":"https://api.github.com/users/MyNameIs-Nigel/received_events","type":"User","user_view_type":"private","site_admin":false,"name":"Nigel Smith","company":null,"blog":"","location":null,"email":null,"hireable":null,"bio":null,"twitter_username":null,"notification_email":null,"public_repos":9,"public_gists":2,"followers":1,"following":1,"created_at":"2018-05-01T17:46:21Z","updated_at":"2026-02-23T06:52:30Z","private_gists":1,"total_private_repos":5,"owned_private_repos":5,"disk_usage":277683,"collaborators":0,"two_factor_authentication":true,"plan":{"name":"free","space":976562499,"collaborators":0,"private_repos":10000}}
[info] 
[info] +  Success! Logged into GitHub as MyNameIs-Nigel 
[info] 
